<?xml version="1.0" encoding="UTF-8"?>
<testsuite name="co.com.shoppingdemoblaze.runners.BuyLaptop" tests="0" skipped="0" failures="0" errors="0" timestamp="1970-01-01T00:00:00" hostname="3RO-PQVIS8FDX5L" time="0.0">
  <properties/>
  <system-out><![CDATA[
1 Scenarios (?[32m1 passed?[0m)
4 Steps (?[32m4 passed?[0m)
1m37,666s

]]></system-out>
  <system-err><![CDATA[2423 [Test worker] INFO net.thucydides.core.steps.ConsoleLoggingListener - ?[96m

-------------------------------------------------------------------------------------
     _______. _______ .______       _______ .__   __.  __  .___________.____    ____ 
    /       ||   ____||   _  \     |   ____||  \ |  | |  | |           |\   \  /   / 
   |   (----`|  |__   |  |_)  |    |  |__   |   \|  | |  | `---|  |----` \   \/   /  
    \   \    |   __|  |      /     |   __|  |  . `  | |  |     |  |       \_    _/   
.----)   |   |  |____ |  |\  \----.|  |____ |  |\   | |  |     |  |         |  |     
|_______/    |_______|| _| `._____||_______||__| \__| |__|     |__|         |__|    
                                                                                     
 News and tutorials at http://www.serenity-bdd.info                                  
 Documentation at https://wakaleo.gitbooks.io/the-serenity-book/content/             
 Join the Serenity Community on Rocket Chat at https://serenity-bdd.rocket.chat      
 Serenity BDD Support and Training at http://serenity-bdd.info/#/trainingandsupport  
 Learn Serenity BDD online at http://serenity-dojo.com                               
-------------------------------------------------------------------------------------
?[0m
2448 [Test worker] INFO net.thucydides.core.steps.ConsoleLoggingListener - Test Suite Started: Buy technology products
2536 [Test worker] INFO net.thucydides.core.steps.ConsoleLoggingListener - 
 _____ _____ ____ _____   ____ _____  _    ____ _____ _____ ____  
|_   _| ____/ ___|_   _| / ___|_   _|/ \  |  _ \_   _| ____|  _ \ 
  | | |  _| \___ \ | |   \___ \ | | / _ \ | |_) || | |  _| | | | |
  | | | |___ ___) || |    ___) || |/ ___ \|  _ < | | | |___| |_| |
  |_| |_____|____/ |_|   |____/ |_/_/   \_\_| \_\|_| |_____|____/ 
                                                                  

TEST STARTED: Buy a laptop sucessfully
-------------------------------------------------------------------(buy-technology-products;buy-a-laptop-sucessfully)
2995 [Test worker] INFO net.thucydides.core.steps.ConsoleLoggingListener - STARTING STEP Example: {Device=Dell i7 8gb, Name=Damian Vengoechea, Country=Colombia, City=Medellin, Credit_card=1234567, Month=11, Year=2020}
100115 [pool-2-thread-1] INFO net.thucydides.core.requirements.PackageRequirementsTagProvider - Loading requirements from package requirements at: net.thucydides.showcase.cucumber.junit
]]></system-err>
</testsuite>
