<?xml version="1.0" encoding="UTF-8"?>
<testsuite name="Buy technology products" tests="1" skipped="0" failures="0" errors="0" timestamp="2020-06-10T18:42:15" hostname="3RO-PQVIS8FDX5L" time="96.548">
  <properties/>
  <testcase name="Buy a laptop sucessfully" classname="Buy technology products" time="96.548"/>
  <system-out><![CDATA[]]></system-out>
  <system-err><![CDATA[3061 [Test worker] INFO net.thucydides.core.steps.ConsoleLoggingListener - STARTING STEP Given that Damian selects the following Dell i7 8gb
3778 [Test worker] INFO net.thucydides.core.steps.ConsoleLoggingListener - STARTING STEP Damian open browser
3806 [Test worker] INFO net.thucydides.core.steps.ConsoleLoggingListener - STARTING STEP Damian opens the Home products
jun 10, 2020 1:42:16 PM org.openqa.selenium.remote.DesiredCapabilities chrome
INFORMACIÓN: Using `new ChromeOptions()` is preferred to `DesiredCapabilities.chrome()`
8436 [Test worker] INFO net.serenitybdd.core.webdriver.driverproviders.ProvideNewDriver - Instantiating driver
8441 [Test worker] INFO net.serenitybdd.core.webdriver.driverproviders.ProvideNewDriver - Driver capabilities: Capabilities {acceptInsecureCerts: false, browserName: chrome, chrome.switches: --disk-cache-dir=null, --in..., goog:chromeOptions: {args: [--disk-cache-dir=null, --incognito, --disable-download-notifica..., --start-maximized, --test-type, --ignore-certificate-errors, --allow-running-insecure-co..., --disable-translate, --always-authorize-plugins, --disable-extensions, --enable-automation, --test-type], extensions: []}, loggingPrefs: org.openqa.selenium.logging..., platform: ANY, version: }
Starting ChromeDriver 2.39.562718 (9a2698cba08cf5a471a29d30c8b3e12becabb0e9) on port 5169
Only local connections are allowed.
[1591814549.410][WARNING]: Timed out connecting to Chrome, retrying...
jun 10, 2020 1:42:31 PM org.openqa.selenium.remote.ProtocolHandshake createSession
INFORMACIÓN: Detected dialect: OSS
29384 [Test worker] INFO net.thucydides.core.steps.ConsoleLoggingListener - FINISHING STEP
29392 [Test worker] INFO net.thucydides.core.steps.ConsoleLoggingListener - FINISHING STEP
29400 [Test worker] INFO net.thucydides.core.steps.ConsoleLoggingListener - STARTING STEP Damian select product
29427 [Test worker] INFO net.thucydides.core.steps.ConsoleLoggingListener - STARTING STEP Damian clicks on Title of the product to buy
29879 [Test worker] INFO net.thucydides.core.steps.ConsoleLoggingListener - FINISHING STEP
29884 [Test worker] INFO net.thucydides.core.steps.ConsoleLoggingListener - STARTING STEP Damian clicks on Name of the device to buy
87745 [Test worker] INFO net.thucydides.core.steps.ConsoleLoggingListener - FINISHING STEP
88606 [Test worker] INFO net.thucydides.core.steps.ConsoleLoggingListener - FINISHING STEP
88613 [Test worker] INFO net.thucydides.core.steps.ConsoleLoggingListener - FINISHING STEP
88616 [Test worker] INFO net.thucydides.core.steps.ConsoleLoggingListener - STARTING STEP When he add to the cart
88630 [Test worker] INFO net.thucydides.core.steps.ConsoleLoggingListener - STARTING STEP Damian add to cart
88651 [Test worker] INFO net.thucydides.core.steps.ConsoleLoggingListener - STARTING STEP Damian clicks on Button add to cart the product of buy
88934 [Test worker] INFO net.thucydides.core.steps.ConsoleLoggingListener - FINISHING STEP
90965 [Test worker] INFO net.thucydides.core.steps.ConsoleLoggingListener - STARTING STEP Damian clicks on Main menu option
91774 [Test worker] INFO net.thucydides.core.steps.ConsoleLoggingListener - FINISHING STEP
92596 [Test worker] INFO net.thucydides.core.steps.ConsoleLoggingListener - FINISHING STEP
92600 [Test worker] INFO net.thucydides.core.steps.ConsoleLoggingListener - FINISHING STEP
92603 [Test worker] INFO net.thucydides.core.steps.ConsoleLoggingListener - STARTING STEP And start pay place order with next data
| Name | Country | City | Credit_card | Month | Year |
| Damian Vengoechea | Colombia | Medellin | 1234567 | 11 | 2020 |
92618 [Test worker] INFO net.thucydides.core.steps.ConsoleLoggingListener - STARTING STEP Damian proceed to pay
92920 [Test worker] INFO net.thucydides.core.steps.ConsoleLoggingListener - STARTING STEP Damian clicks on Button place order
93365 [Test worker] INFO net.thucydides.core.steps.ConsoleLoggingListener - FINISHING STEP
93369 [Test worker] INFO net.thucydides.core.steps.ConsoleLoggingListener - STARTING STEP Damian enters 'Damian Vengoechea' into Field to form
94245 [Test worker] INFO net.thucydides.core.steps.ConsoleLoggingListener - FINISHING STEP
94252 [Test worker] INFO net.thucydides.core.steps.ConsoleLoggingListener - STARTING STEP Damian enters 'Colombia' into Field to form
94624 [Test worker] INFO net.thucydides.core.steps.ConsoleLoggingListener - FINISHING STEP
94629 [Test worker] INFO net.thucydides.core.steps.ConsoleLoggingListener - STARTING STEP Damian enters 'Medellin' into Field to form
95081 [Test worker] INFO net.thucydides.core.steps.ConsoleLoggingListener - FINISHING STEP
95086 [Test worker] INFO net.thucydides.core.steps.ConsoleLoggingListener - STARTING STEP Damian enters '1234567' into Field to form
95453 [Test worker] INFO net.thucydides.core.steps.ConsoleLoggingListener - FINISHING STEP
95458 [Test worker] INFO net.thucydides.core.steps.ConsoleLoggingListener - STARTING STEP Damian enters '11' into Field to form
95889 [Test worker] INFO net.thucydides.core.steps.ConsoleLoggingListener - FINISHING STEP
95893 [Test worker] INFO net.thucydides.core.steps.ConsoleLoggingListener - STARTING STEP Damian enters '2020' into Field to form
96299 [Test worker] INFO net.thucydides.core.steps.ConsoleLoggingListener - FINISHING STEP
96304 [Test worker] INFO net.thucydides.core.steps.ConsoleLoggingListener - STARTING STEP Damian clicks on Button purchase
96655 [Test worker] INFO net.thucydides.core.steps.ConsoleLoggingListener - FINISHING STEP
97060 [Test worker] INFO net.thucydides.core.steps.ConsoleLoggingListener - FINISHING STEP
97063 [Test worker] INFO net.thucydides.core.steps.ConsoleLoggingListener - FINISHING STEP
97065 [Test worker] INFO net.thucydides.core.steps.ConsoleLoggingListener - STARTING STEP Then he should see the message Thank you for your purchase! as confirmation message
97691 [Test worker] INFO net.thucydides.core.steps.ConsoleLoggingListener - STARTING STEP Then confirm message should be 'Thank you for your purchase!'
98184 [Test worker] INFO net.thucydides.core.steps.ConsoleLoggingListener - FINISHING STEP
98195 [Test worker] INFO net.thucydides.core.steps.ConsoleLoggingListener - FINISHING STEP
98198 [Test worker] INFO net.thucydides.core.steps.ConsoleLoggingListener - FINISHING STEP
99545 [Test worker] INFO net.thucydides.core.steps.ConsoleLoggingListener - ?[92m
        __    _____ _____ ____ _____   ____   _    ____  ____  _____ ____  
  _     \ \  |_   _| ____/ ___|_   _| |  _ \ / \  / ___|/ ___|| ____|  _ \ 
 (_)_____| |   | | |  _| \___ \ | |   | |_) / _ \ \___ \\___ \|  _| | | | |
  _|_____| |   | | | |___ ___) || |   |  __/ ___ \ ___) |___) | |___| |_| |
 (_)     | |   |_| |_____|____/ |_|   |_| /_/   \_\____/|____/|_____|____/ 
        /_/                                                                

TEST PASSED: Buy a laptop sucessfully
----------------------------------------------------------------------------?[0m
]]></system-err>
</testsuite>
